[debug] [2024-08-12T10:43:37.114Z] ----------------------------------------------------------------------
[debug] [2024-08-12T10:43:37.117Z] Command:       /opt/homebrew/Cellar/node@20/20.15.1/bin/node /opt/homebrew/bin/firebase deploy
[debug] [2024-08-12T10:43:37.117Z] CLI Version:   13.13.3
[debug] [2024-08-12T10:43:37.117Z] Platform:      darwin
[debug] [2024-08-12T10:43:37.117Z] Node Version:  v20.15.1
[debug] [2024-08-12T10:43:37.117Z] Time:          Mon Aug 12 2024 03:43:37 GMT-0700 (Pacific Daylight Time)
[debug] [2024-08-12T10:43:37.117Z] ----------------------------------------------------------------------
[debug] 
[debug] [2024-08-12T10:43:37.174Z] > command requires scopes: ["email","openid","https://www.googleapis.com/auth/cloudplatformprojects.readonly","https://www.googleapis.com/auth/firebase","https://www.googleapis.com/auth/cloud-platform"]
[debug] [2024-08-12T10:43:37.174Z] > authorizing via signed-in user (benjamin0000rodriguez@gmail.com)
[debug] [2024-08-12T10:43:37.175Z] [iam] checking project afrihomes-7505c for permissions ["firebase.projects.get","firebasehosting.sites.update"]
[debug] [2024-08-12T10:43:37.180Z] >>> [apiv2][query] POST https://cloudresourcemanager.googleapis.com/v1/projects/afrihomes-7505c:testIamPermissions [none]
[debug] [2024-08-12T10:43:37.180Z] >>> [apiv2][(partial)header] POST https://cloudresourcemanager.googleapis.com/v1/projects/afrihomes-7505c:testIamPermissions x-goog-quota-user=projects/afrihomes-7505c
[debug] [2024-08-12T10:43:37.181Z] >>> [apiv2][body] POST https://cloudresourcemanager.googleapis.com/v1/projects/afrihomes-7505c:testIamPermissions {"permissions":["firebase.projects.get","firebasehosting.sites.update"]}
[debug] [2024-08-12T10:43:37.568Z] <<< [apiv2][status] POST https://cloudresourcemanager.googleapis.com/v1/projects/afrihomes-7505c:testIamPermissions 200
[debug] [2024-08-12T10:43:37.568Z] <<< [apiv2][body] POST https://cloudresourcemanager.googleapis.com/v1/projects/afrihomes-7505c:testIamPermissions {"permissions":["firebase.projects.get","firebasehosting.sites.update"]}
[debug] [2024-08-12T10:43:37.569Z] >>> [apiv2][query] GET https://firebase.googleapis.com/v1beta1/projects/afrihomes-7505c [none]
[debug] [2024-08-12T10:43:37.858Z] <<< [apiv2][status] GET https://firebase.googleapis.com/v1beta1/projects/afrihomes-7505c 200
[debug] [2024-08-12T10:43:37.858Z] <<< [apiv2][body] GET https://firebase.googleapis.com/v1beta1/projects/afrihomes-7505c {"projectId":"afrihomes-7505c","projectNumber":"376004593031","displayName":"Afrihomes","name":"projects/afrihomes-7505c","resources":{"hostingSite":"afrihomes-7505c","storageBucket":"afrihomes-7505c.appspot.com","locationId":"us-central"},"state":"ACTIVE","etag":"1_f1b1a06c-571d-4856-9d36-b270722b4f42"}
[info] 
   Thank you for trying our early preview of Next.js support on Firebase Hosting.
   During the preview, support is best-effort and breaking changes can be expected. Proceed with caution.
   The integration is known to work with Next.js version 12 - 14.0. You may encounter errors.

   Documentation: https://firebase.google.com/docs/hosting/frameworks/nextjs
   File a bug: https://github.com/firebase/firebase-tools/issues/new?template=bug_report.md
   Submit a feature request: https://github.com/firebase/firebase-tools/issues/new?template=feature_request.md

   We'd love to learn from you. Express your interest in helping us shape the future of Firebase Hosting: https://goo.gle/41enW5X

[debug] [2024-08-12T10:43:40.594Z] >>> [apiv2][query] GET https://firebasehosting.googleapis.com/v1beta1/projects/afrihomes-7505c/sites/afrihomes-7505c [none]
[debug] [2024-08-12T10:43:41.186Z] <<< [apiv2][status] GET https://firebasehosting.googleapis.com/v1beta1/projects/afrihomes-7505c/sites/afrihomes-7505c 200
[debug] [2024-08-12T10:43:41.186Z] <<< [apiv2][body] GET https://firebasehosting.googleapis.com/v1beta1/projects/afrihomes-7505c/sites/afrihomes-7505c {"name":"projects/afrihomes-7505c/sites/afrihomes-7505c","defaultUrl":"https://afrihomes-7505c.web.app","appId":"1:376004593031:web:25453a1eb6562569413f22","type":"DEFAULT_SITE"}
[info] ❌ Invalid environment variables: { NEXTAUTH_SECRET: [ 'Required' ], NEXTAUTH_URL: [ 'Invalid url' ] }

[info]  ⨯ Failed to load next.config.js, see more info here https://nextjs.org/docs/messages/next-config-error

[info] 

[info] > Build error occurred

[info] Error: Invalid environment variables
    at onValidationError (file:///Users/benji/Documents/t3/afrihomes/afrihomesbeta/afrihomes/node_modules/@t3-oss/env-core/dist/index.js:29:15)
    at createEnv (file:///Users/benji/Documents/t3/afrihomes/afrihomesbeta/afrihomes/node_modules/@t3-oss/env-core/dist/index.js:35:16)
    at createEnv (file:///Users/benji/Documents/t3/afrihomes/afrihomesbeta/afrihomes/node_modules/@t3-oss/env-nextjs/dist/index.js:12:12)
    at file:///Users/benji/Documents/t3/afrihomes/afrihomesbeta/afrihomes/src/env.js:4:20
    at ModuleJob.run (node:internal/modules/esm/module_job:222:25)
    at async ModuleLoader.import (node:internal/modules/esm/loader:316:24)
    at async file:///Users/benji/Documents/t3/afrihomes/afrihomesbeta/afrihomes/next.config.js:5:1

[debug] [2024-08-12T10:43:42.298Z] Error: ENOENT: no such file or directory, open '/Users/benji/Documents/t3/afrihomes/afrihomesbeta/afrihomes/.next/export-marker.json'
[error] 
[error] Error: An unexpected error has occurred.
[debug] [2024-08-12T10:44:38.617Z] ----------------------------------------------------------------------
[debug] [2024-08-12T10:44:38.620Z] Command:       /opt/homebrew/Cellar/node@20/20.15.1/bin/node /opt/homebrew/bin/firebase deploy
[debug] [2024-08-12T10:44:38.620Z] CLI Version:   13.13.3
[debug] [2024-08-12T10:44:38.620Z] Platform:      darwin
[debug] [2024-08-12T10:44:38.620Z] Node Version:  v20.15.1
[debug] [2024-08-12T10:44:38.620Z] Time:          Mon Aug 12 2024 03:44:38 GMT-0700 (Pacific Daylight Time)
[debug] [2024-08-12T10:44:38.621Z] ----------------------------------------------------------------------
[debug] 
[debug] [2024-08-12T10:44:38.673Z] > command requires scopes: ["email","openid","https://www.googleapis.com/auth/cloudplatformprojects.readonly","https://www.googleapis.com/auth/firebase","https://www.googleapis.com/auth/cloud-platform"]
[debug] [2024-08-12T10:44:38.673Z] > authorizing via signed-in user (benjamin0000rodriguez@gmail.com)
[debug] [2024-08-12T10:44:38.673Z] [iam] checking project afrihomes-7505c for permissions ["firebase.projects.get","firebasehosting.sites.update"]
[debug] [2024-08-12T10:44:38.675Z] >>> [apiv2][query] POST https://cloudresourcemanager.googleapis.com/v1/projects/afrihomes-7505c:testIamPermissions [none]
[debug] [2024-08-12T10:44:38.675Z] >>> [apiv2][(partial)header] POST https://cloudresourcemanager.googleapis.com/v1/projects/afrihomes-7505c:testIamPermissions x-goog-quota-user=projects/afrihomes-7505c
[debug] [2024-08-12T10:44:38.675Z] >>> [apiv2][body] POST https://cloudresourcemanager.googleapis.com/v1/projects/afrihomes-7505c:testIamPermissions {"permissions":["firebase.projects.get","firebasehosting.sites.update"]}
[debug] [2024-08-12T10:44:39.022Z] <<< [apiv2][status] POST https://cloudresourcemanager.googleapis.com/v1/projects/afrihomes-7505c:testIamPermissions 200
[debug] [2024-08-12T10:44:39.023Z] <<< [apiv2][body] POST https://cloudresourcemanager.googleapis.com/v1/projects/afrihomes-7505c:testIamPermissions {"permissions":["firebase.projects.get","firebasehosting.sites.update"]}
[debug] [2024-08-12T10:44:39.023Z] >>> [apiv2][query] GET https://firebase.googleapis.com/v1beta1/projects/afrihomes-7505c [none]
[debug] [2024-08-12T10:44:39.348Z] <<< [apiv2][status] GET https://firebase.googleapis.com/v1beta1/projects/afrihomes-7505c 200
[debug] [2024-08-12T10:44:39.348Z] <<< [apiv2][body] GET https://firebase.googleapis.com/v1beta1/projects/afrihomes-7505c {"projectId":"afrihomes-7505c","projectNumber":"376004593031","displayName":"Afrihomes","name":"projects/afrihomes-7505c","resources":{"hostingSite":"afrihomes-7505c","storageBucket":"afrihomes-7505c.appspot.com","locationId":"us-central"},"state":"ACTIVE","etag":"1_f1b1a06c-571d-4856-9d36-b270722b4f42"}
[info] 
   Thank you for trying our early preview of Next.js support on Firebase Hosting.
   During the preview, support is best-effort and breaking changes can be expected. Proceed with caution.
   The integration is known to work with Next.js version 12 - 14.0. You may encounter errors.

   Documentation: https://firebase.google.com/docs/hosting/frameworks/nextjs
   File a bug: https://github.com/firebase/firebase-tools/issues/new?template=bug_report.md
   Submit a feature request: https://github.com/firebase/firebase-tools/issues/new?template=feature_request.md

   We'd love to learn from you. Express your interest in helping us shape the future of Firebase Hosting: https://goo.gle/41enW5X

[debug] [2024-08-12T10:44:41.972Z] >>> [apiv2][query] GET https://firebasehosting.googleapis.com/v1beta1/projects/afrihomes-7505c/sites/afrihomes-7505c [none]
[debug] [2024-08-12T10:44:42.546Z] <<< [apiv2][status] GET https://firebasehosting.googleapis.com/v1beta1/projects/afrihomes-7505c/sites/afrihomes-7505c 200
[debug] [2024-08-12T10:44:42.546Z] <<< [apiv2][body] GET https://firebasehosting.googleapis.com/v1beta1/projects/afrihomes-7505c/sites/afrihomes-7505c {"name":"projects/afrihomes-7505c/sites/afrihomes-7505c","defaultUrl":"https://afrihomes-7505c.web.app","appId":"1:376004593031:web:25453a1eb6562569413f22","type":"DEFAULT_SITE"}
[info] ❌ Invalid environment variables: { NEXTAUTH_URL: [ 'Invalid url' ] }

[info]  ⨯ Failed to load next.config.js, see more info here https://nextjs.org/docs/messages/next-config-error

[info] 

[info] > Build error occurred

[info] Error: Invalid environment variables
    at onValidationError (file:///Users/benji/Documents/t3/afrihomes/afrihomesbeta/afrihomes/node_modules/@t3-oss/env-core/dist/index.js:29:15)
    at createEnv (file:///Users/benji/Documents/t3/afrihomes/afrihomesbeta/afrihomes/node_modules/@t3-oss/env-core/dist/index.js:35:16)
    at createEnv (file:///Users/benji/Documents/t3/afrihomes/afrihomesbeta/afrihomes/node_modules/@t3-oss/env-nextjs/dist/index.js:12:12)
    at file:///Users/benji/Documents/t3/afrihomes/afrihomesbeta/afrihomes/src/env.js:4:20
    at ModuleJob.run (node:internal/modules/esm/module_job:222:25)
    at async ModuleLoader.import (node:internal/modules/esm/loader:316:24)
    at async file:///Users/benji/Documents/t3/afrihomes/afrihomesbeta/afrihomes/next.config.js:5:1

[debug] [2024-08-12T10:44:43.545Z] Error: ENOENT: no such file or directory, open '/Users/benji/Documents/t3/afrihomes/afrihomesbeta/afrihomes/.next/export-marker.json'
[error] 
[error] Error: An unexpected error has occurred.
[debug] [2024-08-12T10:46:47.876Z] ----------------------------------------------------------------------
[debug] [2024-08-12T10:46:47.879Z] Command:       /opt/homebrew/Cellar/node@20/20.15.1/bin/node /opt/homebrew/bin/firebase deploy
[debug] [2024-08-12T10:46:47.879Z] CLI Version:   13.13.3
[debug] [2024-08-12T10:46:47.879Z] Platform:      darwin
[debug] [2024-08-12T10:46:47.879Z] Node Version:  v20.15.1
[debug] [2024-08-12T10:46:47.879Z] Time:          Mon Aug 12 2024 03:46:47 GMT-0700 (Pacific Daylight Time)
[debug] [2024-08-12T10:46:47.879Z] ----------------------------------------------------------------------
[debug] 
[debug] [2024-08-12T10:46:47.933Z] > command requires scopes: ["email","openid","https://www.googleapis.com/auth/cloudplatformprojects.readonly","https://www.googleapis.com/auth/firebase","https://www.googleapis.com/auth/cloud-platform"]
[debug] [2024-08-12T10:46:47.933Z] > authorizing via signed-in user (benjamin0000rodriguez@gmail.com)
[debug] [2024-08-12T10:46:47.934Z] [iam] checking project afrihomes-7505c for permissions ["firebase.projects.get","firebasehosting.sites.update"]
[debug] [2024-08-12T10:46:47.935Z] >>> [apiv2][query] POST https://cloudresourcemanager.googleapis.com/v1/projects/afrihomes-7505c:testIamPermissions [none]
[debug] [2024-08-12T10:46:47.935Z] >>> [apiv2][(partial)header] POST https://cloudresourcemanager.googleapis.com/v1/projects/afrihomes-7505c:testIamPermissions x-goog-quota-user=projects/afrihomes-7505c
[debug] [2024-08-12T10:46:47.935Z] >>> [apiv2][body] POST https://cloudresourcemanager.googleapis.com/v1/projects/afrihomes-7505c:testIamPermissions {"permissions":["firebase.projects.get","firebasehosting.sites.update"]}
[debug] [2024-08-12T10:46:48.304Z] <<< [apiv2][status] POST https://cloudresourcemanager.googleapis.com/v1/projects/afrihomes-7505c:testIamPermissions 200
[debug] [2024-08-12T10:46:48.304Z] <<< [apiv2][body] POST https://cloudresourcemanager.googleapis.com/v1/projects/afrihomes-7505c:testIamPermissions {"permissions":["firebase.projects.get","firebasehosting.sites.update"]}
[debug] [2024-08-12T10:46:48.305Z] >>> [apiv2][query] GET https://firebase.googleapis.com/v1beta1/projects/afrihomes-7505c [none]
[debug] [2024-08-12T10:46:48.624Z] <<< [apiv2][status] GET https://firebase.googleapis.com/v1beta1/projects/afrihomes-7505c 200
[debug] [2024-08-12T10:46:48.624Z] <<< [apiv2][body] GET https://firebase.googleapis.com/v1beta1/projects/afrihomes-7505c {"projectId":"afrihomes-7505c","projectNumber":"376004593031","displayName":"Afrihomes","name":"projects/afrihomes-7505c","resources":{"hostingSite":"afrihomes-7505c","storageBucket":"afrihomes-7505c.appspot.com","locationId":"us-central"},"state":"ACTIVE","etag":"1_f1b1a06c-571d-4856-9d36-b270722b4f42"}
[info] 
   Thank you for trying our early preview of Next.js support on Firebase Hosting.
   During the preview, support is best-effort and breaking changes can be expected. Proceed with caution.
   The integration is known to work with Next.js version 12 - 14.0. You may encounter errors.

   Documentation: https://firebase.google.com/docs/hosting/frameworks/nextjs
   File a bug: https://github.com/firebase/firebase-tools/issues/new?template=bug_report.md
   Submit a feature request: https://github.com/firebase/firebase-tools/issues/new?template=feature_request.md

   We'd love to learn from you. Express your interest in helping us shape the future of Firebase Hosting: https://goo.gle/41enW5X

[debug] [2024-08-12T10:46:51.367Z] >>> [apiv2][query] GET https://firebasehosting.googleapis.com/v1beta1/projects/afrihomes-7505c/sites/afrihomes-7505c [none]
[debug] [2024-08-12T10:46:51.955Z] <<< [apiv2][status] GET https://firebasehosting.googleapis.com/v1beta1/projects/afrihomes-7505c/sites/afrihomes-7505c 200
[debug] [2024-08-12T10:46:51.955Z] <<< [apiv2][body] GET https://firebasehosting.googleapis.com/v1beta1/projects/afrihomes-7505c/sites/afrihomes-7505c {"name":"projects/afrihomes-7505c/sites/afrihomes-7505c","defaultUrl":"https://afrihomes-7505c.web.app","appId":"1:376004593031:web:25453a1eb6562569413f22","type":"DEFAULT_SITE"}
[info] ❌ Invalid environment variables: { NEXTAUTH_URL: [ 'Invalid url' ] }

[info]  ⨯ Failed to load next.config.js, see more info here https://nextjs.org/docs/messages/next-config-error

[info] 

[info] > Build error occurred

[info] Error: Invalid environment variables
    at onValidationError (file:///Users/benji/Documents/t3/afrihomes/afrihomesbeta/afrihomes/node_modules/@t3-oss/env-core/dist/index.js:29:15)
    at createEnv (file:///Users/benji/Documents/t3/afrihomes/afrihomesbeta/afrihomes/node_modules/@t3-oss/env-core/dist/index.js:35:16)
    at createEnv (file:///Users/benji/Documents/t3/afrihomes/afrihomesbeta/afrihomes/node_modules/@t3-oss/env-nextjs/dist/index.js:12:12)
    at file:///Users/benji/Documents/t3/afrihomes/afrihomesbeta/afrihomes/src/env.js:4:20
    at ModuleJob.run (node:internal/modules/esm/module_job:222:25)
    at async ModuleLoader.import (node:internal/modules/esm/loader:316:24)
    at async file:///Users/benji/Documents/t3/afrihomes/afrihomesbeta/afrihomes/next.config.js:5:1

[debug] [2024-08-12T10:46:53.074Z] Error: ENOENT: no such file or directory, open '/Users/benji/Documents/t3/afrihomes/afrihomesbeta/afrihomes/.next/export-marker.json'
[error] 
[error] Error: An unexpected error has occurred.
[debug] [2024-08-12T10:47:01.327Z] ----------------------------------------------------------------------
[debug] [2024-08-12T10:47:01.330Z] Command:       /opt/homebrew/Cellar/node@20/20.15.1/bin/node /opt/homebrew/bin/firebase deploy
[debug] [2024-08-12T10:47:01.330Z] CLI Version:   13.13.3
[debug] [2024-08-12T10:47:01.330Z] Platform:      darwin
[debug] [2024-08-12T10:47:01.330Z] Node Version:  v20.15.1
[debug] [2024-08-12T10:47:01.330Z] Time:          Mon Aug 12 2024 03:47:01 GMT-0700 (Pacific Daylight Time)
[debug] [2024-08-12T10:47:01.330Z] ----------------------------------------------------------------------
[debug] 
[debug] [2024-08-12T10:47:01.386Z] > command requires scopes: ["email","openid","https://www.googleapis.com/auth/cloudplatformprojects.readonly","https://www.googleapis.com/auth/firebase","https://www.googleapis.com/auth/cloud-platform"]
[debug] [2024-08-12T10:47:01.387Z] > authorizing via signed-in user (benjamin0000rodriguez@gmail.com)
[debug] [2024-08-12T10:47:01.387Z] [iam] checking project afrihomes-7505c for permissions ["firebase.projects.get","firebasehosting.sites.update"]
[debug] [2024-08-12T10:47:01.388Z] >>> [apiv2][query] POST https://cloudresourcemanager.googleapis.com/v1/projects/afrihomes-7505c:testIamPermissions [none]
[debug] [2024-08-12T10:47:01.388Z] >>> [apiv2][(partial)header] POST https://cloudresourcemanager.googleapis.com/v1/projects/afrihomes-7505c:testIamPermissions x-goog-quota-user=projects/afrihomes-7505c
[debug] [2024-08-12T10:47:01.388Z] >>> [apiv2][body] POST https://cloudresourcemanager.googleapis.com/v1/projects/afrihomes-7505c:testIamPermissions {"permissions":["firebase.projects.get","firebasehosting.sites.update"]}
[debug] [2024-08-12T10:47:01.756Z] <<< [apiv2][status] POST https://cloudresourcemanager.googleapis.com/v1/projects/afrihomes-7505c:testIamPermissions 200
[debug] [2024-08-12T10:47:01.756Z] <<< [apiv2][body] POST https://cloudresourcemanager.googleapis.com/v1/projects/afrihomes-7505c:testIamPermissions {"permissions":["firebase.projects.get","firebasehosting.sites.update"]}
[debug] [2024-08-12T10:47:01.757Z] >>> [apiv2][query] GET https://firebase.googleapis.com/v1beta1/projects/afrihomes-7505c [none]
[debug] [2024-08-12T10:47:02.123Z] <<< [apiv2][status] GET https://firebase.googleapis.com/v1beta1/projects/afrihomes-7505c 200
[debug] [2024-08-12T10:52:44.115Z] ----------------------------------------------------------------------
[debug] [2024-08-12T10:52:44.118Z] Command:       /opt/homebrew/Cellar/node@20/20.15.1/bin/node /opt/homebrew/bin/firebase deploy
[debug] [2024-08-12T10:52:44.118Z] CLI Version:   13.13.3
[debug] [2024-08-12T10:52:44.118Z] Platform:      darwin
[debug] [2024-08-12T10:52:44.118Z] Node Version:  v20.15.1
[debug] [2024-08-12T10:52:44.118Z] Time:          Mon Aug 12 2024 03:52:44 GMT-0700 (Pacific Daylight Time)
[debug] [2024-08-12T10:52:44.119Z] ----------------------------------------------------------------------
[debug] 
[debug] [2024-08-12T10:52:44.180Z] > command requires scopes: ["email","openid","https://www.googleapis.com/auth/cloudplatformprojects.readonly","https://www.googleapis.com/auth/firebase","https://www.googleapis.com/auth/cloud-platform"]
[debug] [2024-08-12T10:52:44.181Z] > authorizing via signed-in user (benjamin0000rodriguez@gmail.com)
[debug] [2024-08-12T10:52:44.181Z] [iam] checking project afrihomes-7505c for permissions ["firebase.projects.get","firebasehosting.sites.update"]
[debug] [2024-08-12T10:52:44.182Z] >>> [apiv2][query] POST https://cloudresourcemanager.googleapis.com/v1/projects/afrihomes-7505c:testIamPermissions [none]
[debug] [2024-08-12T10:52:44.182Z] >>> [apiv2][(partial)header] POST https://cloudresourcemanager.googleapis.com/v1/projects/afrihomes-7505c:testIamPermissions x-goog-quota-user=projects/afrihomes-7505c
[debug] [2024-08-12T10:52:44.182Z] >>> [apiv2][body] POST https://cloudresourcemanager.googleapis.com/v1/projects/afrihomes-7505c:testIamPermissions {"permissions":["firebase.projects.get","firebasehosting.sites.update"]}
[debug] [2024-08-12T10:52:44.561Z] <<< [apiv2][status] POST https://cloudresourcemanager.googleapis.com/v1/projects/afrihomes-7505c:testIamPermissions 200
[debug] [2024-08-12T10:52:44.561Z] <<< [apiv2][body] POST https://cloudresourcemanager.googleapis.com/v1/projects/afrihomes-7505c:testIamPermissions {"permissions":["firebase.projects.get","firebasehosting.sites.update"]}
[debug] [2024-08-12T10:52:44.562Z] >>> [apiv2][query] GET https://firebase.googleapis.com/v1beta1/projects/afrihomes-7505c [none]
[debug] [2024-08-12T10:52:44.990Z] <<< [apiv2][status] GET https://firebase.googleapis.com/v1beta1/projects/afrihomes-7505c 200
[debug] [2024-08-12T10:52:44.990Z] <<< [apiv2][body] GET https://firebase.googleapis.com/v1beta1/projects/afrihomes-7505c {"projectId":"afrihomes-7505c","projectNumber":"376004593031","displayName":"Afrihomes","name":"projects/afrihomes-7505c","resources":{"hostingSite":"afrihomes-7505c","storageBucket":"afrihomes-7505c.appspot.com","locationId":"us-central"},"state":"ACTIVE","etag":"1_f1b1a06c-571d-4856-9d36-b270722b4f42"}
[info] 
   Thank you for trying our early preview of Next.js support on Firebase Hosting.
   During the preview, support is best-effort and breaking changes can be expected. Proceed with caution.
   The integration is known to work with Next.js version 12 - 14.0. You may encounter errors.

   Documentation: https://firebase.google.com/docs/hosting/frameworks/nextjs
   File a bug: https://github.com/firebase/firebase-tools/issues/new?template=bug_report.md
   Submit a feature request: https://github.com/firebase/firebase-tools/issues/new?template=feature_request.md

   We'd love to learn from you. Express your interest in helping us shape the future of Firebase Hosting: https://goo.gle/41enW5X

[debug] [2024-08-12T10:52:47.704Z] >>> [apiv2][query] GET https://firebasehosting.googleapis.com/v1beta1/projects/afrihomes-7505c/sites/afrihomes-7505c [none]
[debug] [2024-08-12T10:52:48.310Z] <<< [apiv2][status] GET https://firebasehosting.googleapis.com/v1beta1/projects/afrihomes-7505c/sites/afrihomes-7505c 200
[debug] [2024-08-12T10:52:48.310Z] <<< [apiv2][body] GET https://firebasehosting.googleapis.com/v1beta1/projects/afrihomes-7505c/sites/afrihomes-7505c {"name":"projects/afrihomes-7505c/sites/afrihomes-7505c","defaultUrl":"https://afrihomes-7505c.web.app","appId":"1:376004593031:web:25453a1eb6562569413f22","type":"DEFAULT_SITE"}
[info] ❌ Invalid environment variables: { NEXTAUTH_URL: [ 'Invalid url' ] }

[info]  ⨯ Failed to load next.config.js, see more info here https://nextjs.org/docs/messages/next-config-error

[info] 

[info] > Build error occurred

[info] Error: Invalid environment variables
    at onValidationError (file:///Users/benji/Documents/t3/afrihomes/afrihomesbeta/afrihomes/node_modules/@t3-oss/env-core/dist/index.js:29:15)
    at createEnv (file:///Users/benji/Documents/t3/afrihomes/afrihomesbeta/afrihomes/node_modules/@t3-oss/env-core/dist/index.js:35:16)
    at createEnv (file:///Users/benji/Documents/t3/afrihomes/afrihomesbeta/afrihomes/node_modules/@t3-oss/env-nextjs/dist/index.js:12:12)
    at file:///Users/benji/Documents/t3/afrihomes/afrihomesbeta/afrihomes/src/env.js:4:20
    at ModuleJob.run (node:internal/modules/esm/module_job:222:25)
    at async ModuleLoader.import (node:internal/modules/esm/loader:316:24)
    at async file:///Users/benji/Documents/t3/afrihomes/afrihomesbeta/afrihomes/next.config.js:5:1

[debug] [2024-08-12T10:52:49.348Z] Error: ENOENT: no such file or directory, open '/Users/benji/Documents/t3/afrihomes/afrihomesbeta/afrihomes/.next/export-marker.json'
[error] 
[error] Error: An unexpected error has occurred.
[debug] [2024-08-12T10:53:25.519Z] ----------------------------------------------------------------------
[debug] [2024-08-12T10:53:25.528Z] Command:       /opt/homebrew/Cellar/node@20/20.15.1/bin/node /opt/homebrew/bin/firebase deploy
[debug] [2024-08-12T10:53:25.528Z] CLI Version:   13.13.3
[debug] [2024-08-12T10:53:25.528Z] Platform:      darwin
[debug] [2024-08-12T10:53:25.528Z] Node Version:  v20.15.1
[debug] [2024-08-12T10:53:25.528Z] Time:          Mon Aug 12 2024 03:53:25 GMT-0700 (Pacific Daylight Time)
[debug] [2024-08-12T10:53:25.528Z] ----------------------------------------------------------------------
[debug] 
[debug] [2024-08-12T10:53:25.591Z] > command requires scopes: ["email","openid","https://www.googleapis.com/auth/cloudplatformprojects.readonly","https://www.googleapis.com/auth/firebase","https://www.googleapis.com/auth/cloud-platform"]
[debug] [2024-08-12T10:53:25.592Z] > authorizing via signed-in user (benjamin0000rodriguez@gmail.com)
[debug] [2024-08-12T10:53:25.592Z] [iam] checking project afrihomes-7505c for permissions ["firebase.projects.get","firebasehosting.sites.update"]
[debug] [2024-08-12T10:53:25.593Z] >>> [apiv2][query] POST https://cloudresourcemanager.googleapis.com/v1/projects/afrihomes-7505c:testIamPermissions [none]
[debug] [2024-08-12T10:53:25.593Z] >>> [apiv2][(partial)header] POST https://cloudresourcemanager.googleapis.com/v1/projects/afrihomes-7505c:testIamPermissions x-goog-quota-user=projects/afrihomes-7505c
[debug] [2024-08-12T10:53:25.593Z] >>> [apiv2][body] POST https://cloudresourcemanager.googleapis.com/v1/projects/afrihomes-7505c:testIamPermissions {"permissions":["firebase.projects.get","firebasehosting.sites.update"]}
[debug] [2024-08-12T10:53:25.958Z] <<< [apiv2][status] POST https://cloudresourcemanager.googleapis.com/v1/projects/afrihomes-7505c:testIamPermissions 200
[debug] [2024-08-12T10:53:25.959Z] <<< [apiv2][body] POST https://cloudresourcemanager.googleapis.com/v1/projects/afrihomes-7505c:testIamPermissions {"permissions":["firebase.projects.get","firebasehosting.sites.update"]}
[debug] [2024-08-12T10:53:25.959Z] >>> [apiv2][query] GET https://firebase.googleapis.com/v1beta1/projects/afrihomes-7505c [none]
[debug] [2024-08-12T10:53:26.239Z] <<< [apiv2][status] GET https://firebase.googleapis.com/v1beta1/projects/afrihomes-7505c 200
[debug] [2024-08-12T10:53:26.239Z] <<< [apiv2][body] GET https://firebase.googleapis.com/v1beta1/projects/afrihomes-7505c {"projectId":"afrihomes-7505c","projectNumber":"376004593031","displayName":"Afrihomes","name":"projects/afrihomes-7505c","resources":{"hostingSite":"afrihomes-7505c","storageBucket":"afrihomes-7505c.appspot.com","locationId":"us-central"},"state":"ACTIVE","etag":"1_f1b1a06c-571d-4856-9d36-b270722b4f42"}
[info] 
   Thank you for trying our early preview of Next.js support on Firebase Hosting.
   During the preview, support is best-effort and breaking changes can be expected. Proceed with caution.
   The integration is known to work with Next.js version 12 - 14.0. You may encounter errors.

   Documentation: https://firebase.google.com/docs/hosting/frameworks/nextjs
   File a bug: https://github.com/firebase/firebase-tools/issues/new?template=bug_report.md
   Submit a feature request: https://github.com/firebase/firebase-tools/issues/new?template=feature_request.md

   We'd love to learn from you. Express your interest in helping us shape the future of Firebase Hosting: https://goo.gle/41enW5X

[debug] [2024-08-12T10:53:28.963Z] >>> [apiv2][query] GET https://firebasehosting.googleapis.com/v1beta1/projects/afrihomes-7505c/sites/afrihomes-7505c [none]
[debug] [2024-08-12T10:53:29.550Z] <<< [apiv2][status] GET https://firebasehosting.googleapis.com/v1beta1/projects/afrihomes-7505c/sites/afrihomes-7505c 200
[debug] [2024-08-12T10:53:29.550Z] <<< [apiv2][body] GET https://firebasehosting.googleapis.com/v1beta1/projects/afrihomes-7505c/sites/afrihomes-7505c {"name":"projects/afrihomes-7505c/sites/afrihomes-7505c","defaultUrl":"https://afrihomes-7505c.web.app","appId":"1:376004593031:web:25453a1eb6562569413f22","type":"DEFAULT_SITE"}
[info] ❌ Invalid environment variables: { NEXTAUTH_URL: [ 'Invalid url' ] }

[info]  ⨯ Failed to load next.config.js, see more info here https://nextjs.org/docs/messages/next-config-error

[info] 

[info] > Build error occurred

[info] Error: Invalid environment variables
    at onValidationError (file:///Users/benji/Documents/t3/afrihomes/afrihomesbeta/afrihomes/node_modules/@t3-oss/env-core/dist/index.js:29:15)
    at createEnv (file:///Users/benji/Documents/t3/afrihomes/afrihomesbeta/afrihomes/node_modules/@t3-oss/env-core/dist/index.js:35:16)
    at createEnv (file:///Users/benji/Documents/t3/afrihomes/afrihomesbeta/afrihomes/node_modules/@t3-oss/env-nextjs/dist/index.js:12:12)
    at file:///Users/benji/Documents/t3/afrihomes/afrihomesbeta/afrihomes/src/env.js:4:20
    at ModuleJob.run (node:internal/modules/esm/module_job:222:25)
    at async ModuleLoader.import (node:internal/modules/esm/loader:316:24)
    at async file:///Users/benji/Documents/t3/afrihomes/afrihomesbeta/afrihomes/next.config.js:5:1

[debug] [2024-08-12T10:53:30.655Z] Error: ENOENT: no such file or directory, open '/Users/benji/Documents/t3/afrihomes/afrihomesbeta/afrihomes/.next/export-marker.json'
[error] 
[error] Error: An unexpected error has occurred.
[debug] [2024-08-12T10:55:41.312Z] ----------------------------------------------------------------------
[debug] [2024-08-12T10:55:41.314Z] Command:       /opt/homebrew/Cellar/node@20/20.15.1/bin/node /opt/homebrew/bin/firebase deploy
[debug] [2024-08-12T10:55:41.315Z] CLI Version:   13.13.3
[debug] [2024-08-12T10:55:41.315Z] Platform:      darwin
[debug] [2024-08-12T10:55:41.315Z] Node Version:  v20.15.1
[debug] [2024-08-12T10:55:41.315Z] Time:          Mon Aug 12 2024 03:55:41 GMT-0700 (Pacific Daylight Time)
[debug] [2024-08-12T10:55:41.315Z] ----------------------------------------------------------------------
[debug] 
[debug] [2024-08-12T10:55:41.370Z] > command requires scopes: ["email","openid","https://www.googleapis.com/auth/cloudplatformprojects.readonly","https://www.googleapis.com/auth/firebase","https://www.googleapis.com/auth/cloud-platform"]
[debug] [2024-08-12T10:55:41.370Z] > authorizing via signed-in user (benjamin0000rodriguez@gmail.com)
[debug] [2024-08-12T10:55:41.370Z] [iam] checking project afrihomes-7505c for permissions ["firebase.projects.get","firebasehosting.sites.update"]
[debug] [2024-08-12T10:55:41.372Z] >>> [apiv2][query] POST https://cloudresourcemanager.googleapis.com/v1/projects/afrihomes-7505c:testIamPermissions [none]
[debug] [2024-08-12T10:55:41.372Z] >>> [apiv2][(partial)header] POST https://cloudresourcemanager.googleapis.com/v1/projects/afrihomes-7505c:testIamPermissions x-goog-quota-user=projects/afrihomes-7505c
[debug] [2024-08-12T10:55:41.372Z] >>> [apiv2][body] POST https://cloudresourcemanager.googleapis.com/v1/projects/afrihomes-7505c:testIamPermissions {"permissions":["firebase.projects.get","firebasehosting.sites.update"]}
[debug] [2024-08-12T10:55:41.739Z] <<< [apiv2][status] POST https://cloudresourcemanager.googleapis.com/v1/projects/afrihomes-7505c:testIamPermissions 200
[debug] [2024-08-12T10:55:41.740Z] <<< [apiv2][body] POST https://cloudresourcemanager.googleapis.com/v1/projects/afrihomes-7505c:testIamPermissions {"permissions":["firebase.projects.get","firebasehosting.sites.update"]}
[debug] [2024-08-12T10:55:41.741Z] >>> [apiv2][query] GET https://firebase.googleapis.com/v1beta1/projects/afrihomes-7505c [none]
[debug] [2024-08-12T10:55:42.091Z] <<< [apiv2][status] GET https://firebase.googleapis.com/v1beta1/projects/afrihomes-7505c 200
[debug] [2024-08-12T10:55:42.091Z] <<< [apiv2][body] GET https://firebase.googleapis.com/v1beta1/projects/afrihomes-7505c {"projectId":"afrihomes-7505c","projectNumber":"376004593031","displayName":"Afrihomes","name":"projects/afrihomes-7505c","resources":{"hostingSite":"afrihomes-7505c","storageBucket":"afrihomes-7505c.appspot.com","locationId":"us-central"},"state":"ACTIVE","etag":"1_f1b1a06c-571d-4856-9d36-b270722b4f42"}
[info] 
   Thank you for trying our early preview of Next.js support on Firebase Hosting.
   During the preview, support is best-effort and breaking changes can be expected. Proceed with caution.
   The integration is known to work with Next.js version 12 - 14.0. You may encounter errors.

   Documentation: https://firebase.google.com/docs/hosting/frameworks/nextjs
   File a bug: https://github.com/firebase/firebase-tools/issues/new?template=bug_report.md
   Submit a feature request: https://github.com/firebase/firebase-tools/issues/new?template=feature_request.md

   We'd love to learn from you. Express your interest in helping us shape the future of Firebase Hosting: https://goo.gle/41enW5X

[debug] [2024-08-12T10:55:44.816Z] >>> [apiv2][query] GET https://firebasehosting.googleapis.com/v1beta1/projects/afrihomes-7505c/sites/afrihomes-7505c [none]
[debug] [2024-08-12T10:55:45.404Z] <<< [apiv2][status] GET https://firebasehosting.googleapis.com/v1beta1/projects/afrihomes-7505c/sites/afrihomes-7505c 200
[debug] [2024-08-12T10:55:45.404Z] <<< [apiv2][body] GET https://firebasehosting.googleapis.com/v1beta1/projects/afrihomes-7505c/sites/afrihomes-7505c {"name":"projects/afrihomes-7505c/sites/afrihomes-7505c","defaultUrl":"https://afrihomes-7505c.web.app","appId":"1:376004593031:web:25453a1eb6562569413f22","type":"DEFAULT_SITE"}
[info] ❌ Invalid environment variables: { NEXTAUTH_URL: [ 'Invalid url' ] }

[info]  ⨯ Failed to load next.config.js, see more info here https://nextjs.org/docs/messages/next-config-error

[info] 

[info] > Build error occurred

[info] Error: Invalid environment variables
    at onValidationError (file:///Users/benji/Documents/t3/afrihomes/afrihomesbeta/afrihomes/node_modules/@t3-oss/env-core/dist/index.js:29:15)
    at createEnv (file:///Users/benji/Documents/t3/afrihomes/afrihomesbeta/afrihomes/node_modules/@t3-oss/env-core/dist/index.js:35:16)
    at createEnv (file:///Users/benji/Documents/t3/afrihomes/afrihomesbeta/afrihomes/node_modules/@t3-oss/env-nextjs/dist/index.js:12:12)
    at file:///Users/benji/Documents/t3/afrihomes/afrihomesbeta/afrihomes/src/env.js:4:20
    at ModuleJob.run (node:internal/modules/esm/module_job:222:25)
    at async ModuleLoader.import (node:internal/modules/esm/loader:316:24)
    at async file:///Users/benji/Documents/t3/afrihomes/afrihomesbeta/afrihomes/next.config.js:5:1

[debug] [2024-08-12T10:55:46.465Z] Error: ENOENT: no such file or directory, open '/Users/benji/Documents/t3/afrihomes/afrihomesbeta/afrihomes/.next/export-marker.json'
[error] 
[error] Error: An unexpected error has occurred.
[debug] [2024-08-12T10:56:01.796Z] ----------------------------------------------------------------------
[debug] [2024-08-12T10:56:01.803Z] Command:       /opt/homebrew/Cellar/node@20/20.15.1/bin/node /opt/homebrew/bin/firebase deploy
[debug] [2024-08-12T10:56:01.803Z] CLI Version:   13.13.3
[debug] [2024-08-12T10:56:01.803Z] Platform:      darwin
[debug] [2024-08-12T10:56:01.803Z] Node Version:  v20.15.1
[debug] [2024-08-12T10:56:01.803Z] Time:          Mon Aug 12 2024 03:56:01 GMT-0700 (Pacific Daylight Time)
[debug] [2024-08-12T10:56:01.804Z] ----------------------------------------------------------------------
[debug] 
[debug] [2024-08-12T10:56:01.866Z] > command requires scopes: ["email","openid","https://www.googleapis.com/auth/cloudplatformprojects.readonly","https://www.googleapis.com/auth/firebase","https://www.googleapis.com/auth/cloud-platform"]
[debug] [2024-08-12T10:56:01.866Z] > authorizing via signed-in user (benjamin0000rodriguez@gmail.com)
[debug] [2024-08-12T10:56:01.866Z] [iam] checking project afrihomes-7505c for permissions ["firebase.projects.get","firebasehosting.sites.update"]
[debug] [2024-08-12T10:56:01.872Z] >>> [apiv2][query] POST https://cloudresourcemanager.googleapis.com/v1/projects/afrihomes-7505c:testIamPermissions [none]
[debug] [2024-08-12T10:56:01.872Z] >>> [apiv2][(partial)header] POST https://cloudresourcemanager.googleapis.com/v1/projects/afrihomes-7505c:testIamPermissions x-goog-quota-user=projects/afrihomes-7505c
[debug] [2024-08-12T10:56:01.872Z] >>> [apiv2][body] POST https://cloudresourcemanager.googleapis.com/v1/projects/afrihomes-7505c:testIamPermissions {"permissions":["firebase.projects.get","firebasehosting.sites.update"]}
[debug] [2024-08-12T10:56:02.236Z] <<< [apiv2][status] POST https://cloudresourcemanager.googleapis.com/v1/projects/afrihomes-7505c:testIamPermissions 200
[debug] [2024-08-12T10:56:02.236Z] <<< [apiv2][body] POST https://cloudresourcemanager.googleapis.com/v1/projects/afrihomes-7505c:testIamPermissions {"permissions":["firebase.projects.get","firebasehosting.sites.update"]}
[debug] [2024-08-12T10:56:02.236Z] >>> [apiv2][query] GET https://firebase.googleapis.com/v1beta1/projects/afrihomes-7505c [none]
[debug] [2024-08-12T10:56:02.578Z] <<< [apiv2][status] GET https://firebase.googleapis.com/v1beta1/projects/afrihomes-7505c 200
[debug] [2024-08-12T10:56:02.578Z] <<< [apiv2][body] GET https://firebase.googleapis.com/v1beta1/projects/afrihomes-7505c {"projectId":"afrihomes-7505c","projectNumber":"376004593031","displayName":"Afrihomes","name":"projects/afrihomes-7505c","resources":{"hostingSite":"afrihomes-7505c","storageBucket":"afrihomes-7505c.appspot.com","locationId":"us-central"},"state":"ACTIVE","etag":"1_f1b1a06c-571d-4856-9d36-b270722b4f42"}
[info] 
   Thank you for trying our early preview of Next.js support on Firebase Hosting.
   During the preview, support is best-effort and breaking changes can be expected. Proceed with caution.
   The integration is known to work with Next.js version 12 - 14.0. You may encounter errors.

   Documentation: https://firebase.google.com/docs/hosting/frameworks/nextjs
   File a bug: https://github.com/firebase/firebase-tools/issues/new?template=bug_report.md
   Submit a feature request: https://github.com/firebase/firebase-tools/issues/new?template=feature_request.md

   We'd love to learn from you. Express your interest in helping us shape the future of Firebase Hosting: https://goo.gle/41enW5X

[debug] [2024-08-12T10:56:05.278Z] >>> [apiv2][query] GET https://firebasehosting.googleapis.com/v1beta1/projects/afrihomes-7505c/sites/afrihomes-7505c [none]
[debug] [2024-08-12T10:56:05.881Z] <<< [apiv2][status] GET https://firebasehosting.googleapis.com/v1beta1/projects/afrihomes-7505c/sites/afrihomes-7505c 200
[debug] [2024-08-12T10:56:05.881Z] <<< [apiv2][body] GET https://firebasehosting.googleapis.com/v1beta1/projects/afrihomes-7505c/sites/afrihomes-7505c {"name":"projects/afrihomes-7505c/sites/afrihomes-7505c","defaultUrl":"https://afrihomes-7505c.web.app","appId":"1:376004593031:web:25453a1eb6562569413f22","type":"DEFAULT_SITE"}
[info] ❌ Invalid environment variables: { NEXTAUTH_URL: [ 'Invalid url' ] }

[info]  ⨯ Failed to load next.config.js, see more info here https://nextjs.org/docs/messages/next-config-error

[info] 

[info] > Build error occurred
Error: Invalid environment variables
    at onValidationError (file:///Users/benji/Documents/t3/afrihomes/afrihomesbeta/afrihomes/node_modules/@t3-oss/env-core/dist/index.js:29:15)
    at createEnv (file:///Users/benji/Documents/t3/afrihomes/afrihomesbeta/afrihomes/node_modules/@t3-oss/env-core/dist/index.js:35:16)
    at createEnv (file:///Users/benji/Documents/t3/afrihomes/afrihomesbeta/afrihomes/node_modules/@t3-oss/env-nextjs/dist/index.js:12:12)
    at file:///Users/benji/Documents/t3/afrihomes/afrihomesbeta/afrihomes/src/env.js:4:20
    at ModuleJob.run (node:internal/modules/esm/module_job:222:25)
    at async ModuleLoader.import (node:internal/modules/esm/loader:316:24)
    at async file:///Users/benji/Documents/t3/afrihomes/afrihomesbeta/afrihomes/next.config.js:5:1

[debug] [2024-08-12T10:56:07.004Z] Error: ENOENT: no such file or directory, open '/Users/benji/Documents/t3/afrihomes/afrihomesbeta/afrihomes/.next/export-marker.json'
[error] 
[error] Error: An unexpected error has occurred.
[debug] [2024-08-12T11:03:09.143Z] ----------------------------------------------------------------------
[debug] [2024-08-12T11:03:09.150Z] Command:       /opt/homebrew/Cellar/node@20/20.15.1/bin/node /opt/homebrew/bin/firebase deploy
[debug] [2024-08-12T11:03:09.151Z] CLI Version:   13.13.3
[debug] [2024-08-12T11:03:09.151Z] Platform:      darwin
[debug] [2024-08-12T11:03:09.151Z] Node Version:  v20.15.1
[debug] [2024-08-12T11:03:09.151Z] Time:          Mon Aug 12 2024 04:03:09 GMT-0700 (Pacific Daylight Time)
[debug] [2024-08-12T11:03:09.151Z] ----------------------------------------------------------------------
[debug] 
[debug] [2024-08-12T11:03:09.220Z] > command requires scopes: ["email","openid","https://www.googleapis.com/auth/cloudplatformprojects.readonly","https://www.googleapis.com/auth/firebase","https://www.googleapis.com/auth/cloud-platform"]
[debug] [2024-08-12T11:03:09.220Z] > authorizing via signed-in user (benjamin0000rodriguez@gmail.com)
[debug] [2024-08-12T11:03:09.220Z] [iam] checking project afrihomes-7505c for permissions ["firebase.projects.get","firebasehosting.sites.update"]
[debug] [2024-08-12T11:03:09.228Z] >>> [apiv2][query] POST https://cloudresourcemanager.googleapis.com/v1/projects/afrihomes-7505c:testIamPermissions [none]
[debug] [2024-08-12T11:03:09.229Z] >>> [apiv2][(partial)header] POST https://cloudresourcemanager.googleapis.com/v1/projects/afrihomes-7505c:testIamPermissions x-goog-quota-user=projects/afrihomes-7505c
[debug] [2024-08-12T11:03:09.229Z] >>> [apiv2][body] POST https://cloudresourcemanager.googleapis.com/v1/projects/afrihomes-7505c:testIamPermissions {"permissions":["firebase.projects.get","firebasehosting.sites.update"]}
[debug] [2024-08-12T11:03:09.638Z] <<< [apiv2][status] POST https://cloudresourcemanager.googleapis.com/v1/projects/afrihomes-7505c:testIamPermissions 200
[debug] [2024-08-12T11:03:09.639Z] <<< [apiv2][body] POST https://cloudresourcemanager.googleapis.com/v1/projects/afrihomes-7505c:testIamPermissions {"permissions":["firebase.projects.get","firebasehosting.sites.update"]}
[debug] [2024-08-12T11:03:09.639Z] >>> [apiv2][query] GET https://firebase.googleapis.com/v1beta1/projects/afrihomes-7505c [none]
[debug] [2024-08-12T11:03:10.050Z] <<< [apiv2][status] GET https://firebase.googleapis.com/v1beta1/projects/afrihomes-7505c 200
[debug] [2024-08-12T11:03:10.050Z] <<< [apiv2][body] GET https://firebase.googleapis.com/v1beta1/projects/afrihomes-7505c {"projectId":"afrihomes-7505c","projectNumber":"376004593031","displayName":"Afrihomes","name":"projects/afrihomes-7505c","resources":{"hostingSite":"afrihomes-7505c","storageBucket":"afrihomes-7505c.appspot.com","locationId":"us-central"},"state":"ACTIVE","etag":"1_f1b1a06c-571d-4856-9d36-b270722b4f42"}
[info] 
   Thank you for trying our early preview of Next.js support on Firebase Hosting.
   During the preview, support is best-effort and breaking changes can be expected. Proceed with caution.
   The integration is known to work with Next.js version 12 - 14.0. You may encounter errors.

   Documentation: https://firebase.google.com/docs/hosting/frameworks/nextjs
   File a bug: https://github.com/firebase/firebase-tools/issues/new?template=bug_report.md
   Submit a feature request: https://github.com/firebase/firebase-tools/issues/new?template=feature_request.md

   We'd love to learn from you. Express your interest in helping us shape the future of Firebase Hosting: https://goo.gle/41enW5X

[debug] [2024-08-12T11:03:12.931Z] >>> [apiv2][query] GET https://firebasehosting.googleapis.com/v1beta1/projects/afrihomes-7505c/sites/afrihomes-7505c [none]
[debug] [2024-08-12T11:03:13.376Z] <<< [apiv2][status] GET https://firebasehosting.googleapis.com/v1beta1/projects/afrihomes-7505c/sites/afrihomes-7505c 200
[debug] [2024-08-12T11:03:13.376Z] <<< [apiv2][body] GET https://firebasehosting.googleapis.com/v1beta1/projects/afrihomes-7505c/sites/afrihomes-7505c {"name":"projects/afrihomes-7505c/sites/afrihomes-7505c","defaultUrl":"https://afrihomes-7505c.web.app","appId":"1:376004593031:web:25453a1eb6562569413f22","type":"DEFAULT_SITE"}
[info] ❌ Invalid environment variables: { NEXTAUTH_URL: [ 'Invalid url' ] }

[info]  ⨯ Failed to load next.config.js, see more info here https://nextjs.org/docs/messages/next-config-error

[info] 

[info] > Build error occurred

[info] Error: Invalid environment variables
    at onValidationError (file:///Users/benji/Documents/t3/afrihomes/afrihomesbeta/afrihomes/node_modules/@t3-oss/env-core/dist/index.js:29:15)
    at createEnv (file:///Users/benji/Documents/t3/afrihomes/afrihomesbeta/afrihomes/node_modules/@t3-oss/env-core/dist/index.js:35:16)
    at createEnv (file:///Users/benji/Documents/t3/afrihomes/afrihomesbeta/afrihomes/node_modules/@t3-oss/env-nextjs/dist/index.js:12:12)
    at file:///Users/benji/Documents/t3/afrihomes/afrihomesbeta/afrihomes/src/env.js:4:20
    at ModuleJob.run (node:internal/modules/esm/module_job:222:25)
    at async ModuleLoader.import (node:internal/modules/esm/loader:316:24)
    at async file:///Users/benji/Documents/t3/afrihomes/afrihomesbeta/afrihomes/next.config.js:5:1

[debug] [2024-08-12T11:03:14.603Z] Error: ENOENT: no such file or directory, open '/Users/benji/Documents/t3/afrihomes/afrihomesbeta/afrihomes/.next/export-marker.json'
[error] 
[error] Error: An unexpected error has occurred.
